CRITICAL - 2023-09-24 02:15:50 --> Undefined variable $item
in APPPATH\Views\update.php on line 11.
 1 APPPATH\Views\update.php(11): CodeIgniter\Debug\Exceptions->errorHandler(2, 'Undefined variable $item', 'C:\\laragon\\www\\New_Product\\app\\Views\\update.php', 11)
 2 SYSTEMPATH\View\View.php(226): include('C:\\laragon\\www\\New_Product\\app\\Views\\update.php')
 3 SYSTEMPATH\View\View.php(229): CodeIgniter\View\View->CodeIgniter\View\{closure}()
 4 SYSTEMPATH\Common.php(1188): CodeIgniter\View\View->render('update', [...], true)
 5 APPPATH\Controllers\MainController.php(73): view('update', [...], [...])
 6 SYSTEMPATH\CodeIgniter.php(919): App\Controllers\MainController->edit('7')
 7 SYSTEMPATH\CodeIgniter.php(494): CodeIgniter\CodeIgniter->runController(Object(App\Controllers\MainController))
 8 SYSTEMPATH\CodeIgniter.php(353): CodeIgniter\CodeIgniter->handleRequest(null, Object(Config\Cache), false)
 9 FCPATH\index.php(79): CodeIgniter\CodeIgniter->run()
10 SYSTEMPATH\Commands\Server\rewrite.php(47): require_once('C:\\laragon\\www\\New_Product\\public\\index.php')
CRITICAL - 2023-09-24 02:16:31 --> Undefined variable $item
in APPPATH\Views\update.php on line 11.
 1 APPPATH\Views\update.php(11): CodeIgniter\Debug\Exceptions->errorHandler(2, 'Undefined variable $item', 'C:\\laragon\\www\\New_Product\\app\\Views\\update.php', 11)
 2 SYSTEMPATH\View\View.php(226): include('C:\\laragon\\www\\New_Product\\app\\Views\\update.php')
 3 SYSTEMPATH\View\View.php(229): CodeIgniter\View\View->CodeIgniter\View\{closure}()
 4 SYSTEMPATH\Common.php(1188): CodeIgniter\View\View->render('update', [...], true)
 5 APPPATH\Controllers\MainController.php(73): view('update', [...], [...])
 6 SYSTEMPATH\CodeIgniter.php(919): App\Controllers\MainController->edit('7')
 7 SYSTEMPATH\CodeIgniter.php(494): CodeIgniter\CodeIgniter->runController(Object(App\Controllers\MainController))
 8 SYSTEMPATH\CodeIgniter.php(353): CodeIgniter\CodeIgniter->handleRequest(null, Object(Config\Cache), false)
 9 FCPATH\index.php(79): CodeIgniter\CodeIgniter->run()
10 SYSTEMPATH\Commands\Server\rewrite.php(47): require_once('C:\\laragon\\www\\New_Product\\public\\index.php')
CRITICAL - 2023-09-24 02:16:35 --> Undefined variable $item
in APPPATH\Views\update.php on line 11.
 1 APPPATH\Views\update.php(11): CodeIgniter\Debug\Exceptions->errorHandler(2, 'Undefined variable $item', 'C:\\laragon\\www\\New_Product\\app\\Views\\update.php', 11)
 2 SYSTEMPATH\View\View.php(226): include('C:\\laragon\\www\\New_Product\\app\\Views\\update.php')
 3 SYSTEMPATH\View\View.php(229): CodeIgniter\View\View->CodeIgniter\View\{closure}()
 4 SYSTEMPATH\Common.php(1188): CodeIgniter\View\View->render('update', [...], true)
 5 APPPATH\Controllers\MainController.php(73): view('update', [...], [...])
 6 SYSTEMPATH\CodeIgniter.php(919): App\Controllers\MainController->edit('7')
 7 SYSTEMPATH\CodeIgniter.php(494): CodeIgniter\CodeIgniter->runController(Object(App\Controllers\MainController))
 8 SYSTEMPATH\CodeIgniter.php(353): CodeIgniter\CodeIgniter->handleRequest(null, Object(Config\Cache), false)
 9 FCPATH\index.php(79): CodeIgniter\CodeIgniter->run()
10 SYSTEMPATH\Commands\Server\rewrite.php(47): require_once('C:\\laragon\\www\\New_Product\\public\\index.php')
