CRITICAL - 2023-09-21 12:26:22 --> Undefined array key "id"
in APPPATH\Views\Home.php on line 13.
 1 APPPATH\Views\Home.php(13): CodeIgniter\Debug\Exceptions->errorHandler(2, 'Undefined array key "id"', 'C:\\laragon\\www\\New_Product\\app\\Views\\Home.php', 13)
 2 SYSTEMPATH\View\View.php(226): include('C:\\laragon\\www\\New_Product\\app\\Views\\Home.php')
 3 SYSTEMPATH\View\View.php(229): CodeIgniter\View\View->CodeIgniter\View\{closure}()
 4 SYSTEMPATH\Common.php(1188): CodeIgniter\View\View->render('home', [], true)
 5 APPPATH\Controllers\MainController.php(21): view('home', [...])
 6 SYSTEMPATH\CodeIgniter.php(919): App\Controllers\MainController->index()
 7 SYSTEMPATH\CodeIgniter.php(494): CodeIgniter\CodeIgniter->runController(Object(App\Controllers\MainController))
 8 SYSTEMPATH\CodeIgniter.php(353): CodeIgniter\CodeIgniter->handleRequest(null, Object(Config\Cache), false)
 9 FCPATH\index.php(79): CodeIgniter\CodeIgniter->run()
10 SYSTEMPATH\Commands\Server\rewrite.php(47): require_once('C:\\laragon\\www\\New_Product\\public\\index.php')
CRITICAL - 2023-09-21 12:28:18 --> Undefined array key "id"
in APPPATH\Views\Home.php on line 13.
 1 APPPATH\Views\Home.php(13): CodeIgniter\Debug\Exceptions->errorHandler(2, 'Undefined array key "id"', 'C:\\laragon\\www\\New_Product\\app\\Views\\Home.php', 13)
 2 SYSTEMPATH\View\View.php(226): include('C:\\laragon\\www\\New_Product\\app\\Views\\Home.php')
 3 SYSTEMPATH\View\View.php(229): CodeIgniter\View\View->CodeIgniter\View\{closure}()
 4 SYSTEMPATH\Common.php(1188): CodeIgniter\View\View->render('home', [], true)
 5 APPPATH\Controllers\MainController.php(21): view('home', [...])
 6 SYSTEMPATH\CodeIgniter.php(919): App\Controllers\MainController->index()
 7 SYSTEMPATH\CodeIgniter.php(494): CodeIgniter\CodeIgniter->runController(Object(App\Controllers\MainController))
 8 SYSTEMPATH\CodeIgniter.php(353): CodeIgniter\CodeIgniter->handleRequest(null, Object(Config\Cache), false)
 9 FCPATH\index.php(79): CodeIgniter\CodeIgniter->run()
10 SYSTEMPATH\Commands\Server\rewrite.php(47): require_once('C:\\laragon\\www\\New_Product\\public\\index.php')
CRITICAL - 2023-09-21 12:29:22 --> Undefined array key "ProductID"
in APPPATH\Views\Home.php on line 13.
 1 APPPATH\Views\Home.php(13): CodeIgniter\Debug\Exceptions->errorHandler(2, 'Undefined array key "ProductID"', 'C:\\laragon\\www\\New_Product\\app\\Views\\Home.php', 13)
 2 SYSTEMPATH\View\View.php(226): include('C:\\laragon\\www\\New_Product\\app\\Views\\Home.php')
 3 SYSTEMPATH\View\View.php(229): CodeIgniter\View\View->CodeIgniter\View\{closure}()
 4 SYSTEMPATH\Common.php(1188): CodeIgniter\View\View->render('home', [], true)
 5 APPPATH\Controllers\MainController.php(21): view('home', [...])
 6 SYSTEMPATH\CodeIgniter.php(919): App\Controllers\MainController->index()
 7 SYSTEMPATH\CodeIgniter.php(494): CodeIgniter\CodeIgniter->runController(Object(App\Controllers\MainController))
 8 SYSTEMPATH\CodeIgniter.php(353): CodeIgniter\CodeIgniter->handleRequest(null, Object(Config\Cache), false)
 9 FCPATH\index.php(79): CodeIgniter\CodeIgniter->run()
10 SYSTEMPATH\Commands\Server\rewrite.php(47): require_once('C:\\laragon\\www\\New_Product\\public\\index.php')
CRITICAL - 2023-09-21 12:29:58 --> Undefined array key "ProductID"
in APPPATH\Views\Home.php on line 13.
 1 APPPATH\Views\Home.php(13): CodeIgniter\Debug\Exceptions->errorHandler(2, 'Undefined array key "ProductID"', 'C:\\laragon\\www\\New_Product\\app\\Views\\Home.php', 13)
 2 SYSTEMPATH\View\View.php(226): include('C:\\laragon\\www\\New_Product\\app\\Views\\Home.php')
 3 SYSTEMPATH\View\View.php(229): CodeIgniter\View\View->CodeIgniter\View\{closure}()
 4 SYSTEMPATH\Common.php(1188): CodeIgniter\View\View->render('home', [], true)
 5 APPPATH\Controllers\MainController.php(21): view('home', [...])
 6 SYSTEMPATH\CodeIgniter.php(919): App\Controllers\MainController->index()
 7 SYSTEMPATH\CodeIgniter.php(494): CodeIgniter\CodeIgniter->runController(Object(App\Controllers\MainController))
 8 SYSTEMPATH\CodeIgniter.php(353): CodeIgniter\CodeIgniter->handleRequest(null, Object(Config\Cache), false)
 9 FCPATH\index.php(79): CodeIgniter\CodeIgniter->run()
10 SYSTEMPATH\Commands\Server\rewrite.php(47): require_once('C:\\laragon\\www\\New_Product\\public\\index.php')
CRITICAL - 2023-09-21 12:29:59 --> Undefined array key "ProductID"
in APPPATH\Views\Home.php on line 13.
 1 APPPATH\Views\Home.php(13): CodeIgniter\Debug\Exceptions->errorHandler(2, 'Undefined array key "ProductID"', 'C:\\laragon\\www\\New_Product\\app\\Views\\Home.php', 13)
 2 SYSTEMPATH\View\View.php(226): include('C:\\laragon\\www\\New_Product\\app\\Views\\Home.php')
 3 SYSTEMPATH\View\View.php(229): CodeIgniter\View\View->CodeIgniter\View\{closure}()
 4 SYSTEMPATH\Common.php(1188): CodeIgniter\View\View->render('home', [], true)
 5 APPPATH\Controllers\MainController.php(21): view('home', [...])
 6 SYSTEMPATH\CodeIgniter.php(919): App\Controllers\MainController->index()
 7 SYSTEMPATH\CodeIgniter.php(494): CodeIgniter\CodeIgniter->runController(Object(App\Controllers\MainController))
 8 SYSTEMPATH\CodeIgniter.php(353): CodeIgniter\CodeIgniter->handleRequest(null, Object(Config\Cache), false)
 9 FCPATH\index.php(79): CodeIgniter\CodeIgniter->run()
10 SYSTEMPATH\Commands\Server\rewrite.php(47): require_once('C:\\laragon\\www\\New_Product\\public\\index.php')
CRITICAL - 2023-09-21 12:29:59 --> Undefined array key "ProductID"
in APPPATH\Views\Home.php on line 13.
 1 APPPATH\Views\Home.php(13): CodeIgniter\Debug\Exceptions->errorHandler(2, 'Undefined array key "ProductID"', 'C:\\laragon\\www\\New_Product\\app\\Views\\Home.php', 13)
 2 SYSTEMPATH\View\View.php(226): include('C:\\laragon\\www\\New_Product\\app\\Views\\Home.php')
 3 SYSTEMPATH\View\View.php(229): CodeIgniter\View\View->CodeIgniter\View\{closure}()
 4 SYSTEMPATH\Common.php(1188): CodeIgniter\View\View->render('home', [], true)
 5 APPPATH\Controllers\MainController.php(21): view('home', [...])
 6 SYSTEMPATH\CodeIgniter.php(919): App\Controllers\MainController->index()
 7 SYSTEMPATH\CodeIgniter.php(494): CodeIgniter\CodeIgniter->runController(Object(App\Controllers\MainController))
 8 SYSTEMPATH\CodeIgniter.php(353): CodeIgniter\CodeIgniter->handleRequest(null, Object(Config\Cache), false)
 9 FCPATH\index.php(79): CodeIgniter\CodeIgniter->run()
10 SYSTEMPATH\Commands\Server\rewrite.php(47): require_once('C:\\laragon\\www\\New_Product\\public\\index.php')
CRITICAL - 2023-09-21 12:30:00 --> Undefined array key "ProductID"
in APPPATH\Views\Home.php on line 13.
 1 APPPATH\Views\Home.php(13): CodeIgniter\Debug\Exceptions->errorHandler(2, 'Undefined array key "ProductID"', 'C:\\laragon\\www\\New_Product\\app\\Views\\Home.php', 13)
 2 SYSTEMPATH\View\View.php(226): include('C:\\laragon\\www\\New_Product\\app\\Views\\Home.php')
 3 SYSTEMPATH\View\View.php(229): CodeIgniter\View\View->CodeIgniter\View\{closure}()
 4 SYSTEMPATH\Common.php(1188): CodeIgniter\View\View->render('home', [], true)
 5 APPPATH\Controllers\MainController.php(21): view('home', [...])
 6 SYSTEMPATH\CodeIgniter.php(919): App\Controllers\MainController->index()
 7 SYSTEMPATH\CodeIgniter.php(494): CodeIgniter\CodeIgniter->runController(Object(App\Controllers\MainController))
 8 SYSTEMPATH\CodeIgniter.php(353): CodeIgniter\CodeIgniter->handleRequest(null, Object(Config\Cache), false)
 9 FCPATH\index.php(79): CodeIgniter\CodeIgniter->run()
10 SYSTEMPATH\Commands\Server\rewrite.php(47): require_once('C:\\laragon\\www\\New_Product\\public\\index.php')
CRITICAL - 2023-09-21 12:30:00 --> Undefined array key "ProductID"
in APPPATH\Views\Home.php on line 13.
 1 APPPATH\Views\Home.php(13): CodeIgniter\Debug\Exceptions->errorHandler(2, 'Undefined array key "ProductID"', 'C:\\laragon\\www\\New_Product\\app\\Views\\Home.php', 13)
 2 SYSTEMPATH\View\View.php(226): include('C:\\laragon\\www\\New_Product\\app\\Views\\Home.php')
 3 SYSTEMPATH\View\View.php(229): CodeIgniter\View\View->CodeIgniter\View\{closure}()
 4 SYSTEMPATH\Common.php(1188): CodeIgniter\View\View->render('home', [], true)
 5 APPPATH\Controllers\MainController.php(21): view('home', [...])
 6 SYSTEMPATH\CodeIgniter.php(919): App\Controllers\MainController->index()
 7 SYSTEMPATH\CodeIgniter.php(494): CodeIgniter\CodeIgniter->runController(Object(App\Controllers\MainController))
 8 SYSTEMPATH\CodeIgniter.php(353): CodeIgniter\CodeIgniter->handleRequest(null, Object(Config\Cache), false)
 9 FCPATH\index.php(79): CodeIgniter\CodeIgniter->run()
10 SYSTEMPATH\Commands\Server\rewrite.php(47): require_once('C:\\laragon\\www\\New_Product\\public\\index.php')
CRITICAL - 2023-09-21 12:30:00 --> Undefined array key "ProductID"
in APPPATH\Views\Home.php on line 13.
 1 APPPATH\Views\Home.php(13): CodeIgniter\Debug\Exceptions->errorHandler(2, 'Undefined array key "ProductID"', 'C:\\laragon\\www\\New_Product\\app\\Views\\Home.php', 13)
 2 SYSTEMPATH\View\View.php(226): include('C:\\laragon\\www\\New_Product\\app\\Views\\Home.php')
 3 SYSTEMPATH\View\View.php(229): CodeIgniter\View\View->CodeIgniter\View\{closure}()
 4 SYSTEMPATH\Common.php(1188): CodeIgniter\View\View->render('home', [], true)
 5 APPPATH\Controllers\MainController.php(21): view('home', [...])
 6 SYSTEMPATH\CodeIgniter.php(919): App\Controllers\MainController->index()
 7 SYSTEMPATH\CodeIgniter.php(494): CodeIgniter\CodeIgniter->runController(Object(App\Controllers\MainController))
 8 SYSTEMPATH\CodeIgniter.php(353): CodeIgniter\CodeIgniter->handleRequest(null, Object(Config\Cache), false)
 9 FCPATH\index.php(79): CodeIgniter\CodeIgniter->run()
10 SYSTEMPATH\Commands\Server\rewrite.php(47): require_once('C:\\laragon\\www\\New_Product\\public\\index.php')
CRITICAL - 2023-09-21 12:30:18 --> Undefined array key "ProductName"
in APPPATH\Views\Home.php on line 13.
 1 APPPATH\Views\Home.php(13): CodeIgniter\Debug\Exceptions->errorHandler(2, 'Undefined array key "ProductName"', 'C:\\laragon\\www\\New_Product\\app\\Views\\Home.php', 13)
 2 SYSTEMPATH\View\View.php(226): include('C:\\laragon\\www\\New_Product\\app\\Views\\Home.php')
 3 SYSTEMPATH\View\View.php(229): CodeIgniter\View\View->CodeIgniter\View\{closure}()
 4 SYSTEMPATH\Common.php(1188): CodeIgniter\View\View->render('home', [], true)
 5 APPPATH\Controllers\MainController.php(21): view('home', [...])
 6 SYSTEMPATH\CodeIgniter.php(919): App\Controllers\MainController->index()
 7 SYSTEMPATH\CodeIgniter.php(494): CodeIgniter\CodeIgniter->runController(Object(App\Controllers\MainController))
 8 SYSTEMPATH\CodeIgniter.php(353): CodeIgniter\CodeIgniter->handleRequest(null, Object(Config\Cache), false)
 9 FCPATH\index.php(79): CodeIgniter\CodeIgniter->run()
10 SYSTEMPATH\Commands\Server\rewrite.php(47): require_once('C:\\laragon\\www\\New_Product\\public\\index.php')
CRITICAL - 2023-09-21 12:30:19 --> Undefined array key "ProductName"
in APPPATH\Views\Home.php on line 13.
 1 APPPATH\Views\Home.php(13): CodeIgniter\Debug\Exceptions->errorHandler(2, 'Undefined array key "ProductName"', 'C:\\laragon\\www\\New_Product\\app\\Views\\Home.php', 13)
 2 SYSTEMPATH\View\View.php(226): include('C:\\laragon\\www\\New_Product\\app\\Views\\Home.php')
 3 SYSTEMPATH\View\View.php(229): CodeIgniter\View\View->CodeIgniter\View\{closure}()
 4 SYSTEMPATH\Common.php(1188): CodeIgniter\View\View->render('home', [], true)
 5 APPPATH\Controllers\MainController.php(21): view('home', [...])
 6 SYSTEMPATH\CodeIgniter.php(919): App\Controllers\MainController->index()
 7 SYSTEMPATH\CodeIgniter.php(494): CodeIgniter\CodeIgniter->runController(Object(App\Controllers\MainController))
 8 SYSTEMPATH\CodeIgniter.php(353): CodeIgniter\CodeIgniter->handleRequest(null, Object(Config\Cache), false)
 9 FCPATH\index.php(79): CodeIgniter\CodeIgniter->run()
10 SYSTEMPATH\Commands\Server\rewrite.php(47): require_once('C:\\laragon\\www\\New_Product\\public\\index.php')
CRITICAL - 2023-09-21 12:30:19 --> Undefined array key "ProductName"
in APPPATH\Views\Home.php on line 13.
 1 APPPATH\Views\Home.php(13): CodeIgniter\Debug\Exceptions->errorHandler(2, 'Undefined array key "ProductName"', 'C:\\laragon\\www\\New_Product\\app\\Views\\Home.php', 13)
 2 SYSTEMPATH\View\View.php(226): include('C:\\laragon\\www\\New_Product\\app\\Views\\Home.php')
 3 SYSTEMPATH\View\View.php(229): CodeIgniter\View\View->CodeIgniter\View\{closure}()
 4 SYSTEMPATH\Common.php(1188): CodeIgniter\View\View->render('home', [], true)
 5 APPPATH\Controllers\MainController.php(21): view('home', [...])
 6 SYSTEMPATH\CodeIgniter.php(919): App\Controllers\MainController->index()
 7 SYSTEMPATH\CodeIgniter.php(494): CodeIgniter\CodeIgniter->runController(Object(App\Controllers\MainController))
 8 SYSTEMPATH\CodeIgniter.php(353): CodeIgniter\CodeIgniter->handleRequest(null, Object(Config\Cache), false)
 9 FCPATH\index.php(79): CodeIgniter\CodeIgniter->run()
10 SYSTEMPATH\Commands\Server\rewrite.php(47): require_once('C:\\laragon\\www\\New_Product\\public\\index.php')
ERROR - 2023-09-21 12:31:26 --> mysqli_sql_exception: Unknown column 'table_products.id' in 'where clause' in C:\laragon\www\New_Product\system\Database\MySQLi\Connection.php:306
Stack trace:
#0 C:\laragon\www\New_Product\system\Database\MySQLi\Connection.php(306): mysqli->query('SELECT *\nFROM `...', 0)
#1 C:\laragon\www\New_Product\system\Database\BaseConnection.php(692): CodeIgniter\Database\MySQLi\Connection->execute('SELECT *\nFROM `...')
#2 C:\laragon\www\New_Product\system\Database\BaseConnection.php(606): CodeIgniter\Database\BaseConnection->simpleQuery('SELECT *\nFROM `...')
#3 C:\laragon\www\New_Product\system\Database\BaseBuilder.php(1615): CodeIgniter\Database\BaseConnection->query('SELECT *\nFROM `...', Array, false)
#4 C:\laragon\www\New_Product\system\Model.php(196): CodeIgniter\Database\BaseBuilder->get()
#5 C:\laragon\www\New_Product\system\BaseModel.php(563): CodeIgniter\Model->doFind(true, '2')
#6 C:\laragon\www\New_Product\app\Controllers\MainController.php(27): CodeIgniter\BaseModel->find('2')
#7 C:\laragon\www\New_Product\system\CodeIgniter.php(919): App\Controllers\MainController->prod('2')
#8 C:\laragon\www\New_Product\system\CodeIgniter.php(494): CodeIgniter\CodeIgniter->runController(Object(App\Controllers\MainController))
#9 C:\laragon\www\New_Product\system\CodeIgniter.php(353): CodeIgniter\CodeIgniter->handleRequest(NULL, Object(Config\Cache), false)
#10 C:\laragon\www\New_Product\public\index.php(79): CodeIgniter\CodeIgniter->run()
#11 C:\laragon\www\New_Product\system\Commands\Server\rewrite.php(47): require_once('C:\\laragon\\www\\...')
#12 {main}
CRITICAL - 2023-09-21 12:31:26 --> Unknown column 'table_products.id' in 'where clause'
in SYSTEMPATH\Database\BaseConnection.php on line 646.
 1 SYSTEMPATH\Database\BaseBuilder.php(1615): CodeIgniter\Database\BaseConnection->query('SELECT *
FROM `table_products`
WHERE `table_products`.`id` = :table_products.id:', [...], false)
 2 SYSTEMPATH\Model.php(196): CodeIgniter\Database\BaseBuilder->get()
 3 SYSTEMPATH\BaseModel.php(563): CodeIgniter\Model->doFind(true, '2')
 4 APPPATH\Controllers\MainController.php(27): CodeIgniter\BaseModel->find('2')
 5 SYSTEMPATH\CodeIgniter.php(919): App\Controllers\MainController->prod('2')
 6 SYSTEMPATH\CodeIgniter.php(494): CodeIgniter\CodeIgniter->runController(Object(App\Controllers\MainController))
 7 SYSTEMPATH\CodeIgniter.php(353): CodeIgniter\CodeIgniter->handleRequest(null, Object(Config\Cache), false)
 8 FCPATH\index.php(79): CodeIgniter\CodeIgniter->run()
 9 SYSTEMPATH\Commands\Server\rewrite.php(47): require_once('C:\\laragon\\www\\New_Product\\public\\index.php')
ERROR - 2023-09-21 12:33:34 --> mysqli_sql_exception: Unknown column 'table_products.id' in 'where clause' in C:\laragon\www\New_Product\system\Database\MySQLi\Connection.php:306
Stack trace:
#0 C:\laragon\www\New_Product\system\Database\MySQLi\Connection.php(306): mysqli->query('SELECT *\nFROM `...', 0)
#1 C:\laragon\www\New_Product\system\Database\BaseConnection.php(692): CodeIgniter\Database\MySQLi\Connection->execute('SELECT *\nFROM `...')
#2 C:\laragon\www\New_Product\system\Database\BaseConnection.php(606): CodeIgniter\Database\BaseConnection->simpleQuery('SELECT *\nFROM `...')
#3 C:\laragon\www\New_Product\system\Database\BaseBuilder.php(1615): CodeIgniter\Database\BaseConnection->query('SELECT *\nFROM `...', Array, false)
#4 C:\laragon\www\New_Product\system\Model.php(196): CodeIgniter\Database\BaseBuilder->get()
#5 C:\laragon\www\New_Product\system\BaseModel.php(563): CodeIgniter\Model->doFind(true, '2')
#6 C:\laragon\www\New_Product\app\Controllers\MainController.php(26): CodeIgniter\BaseModel->find('2')
#7 C:\laragon\www\New_Product\system\CodeIgniter.php(919): App\Controllers\MainController->prod('2')
#8 C:\laragon\www\New_Product\system\CodeIgniter.php(494): CodeIgniter\CodeIgniter->runController(Object(App\Controllers\MainController))
#9 C:\laragon\www\New_Product\system\CodeIgniter.php(353): CodeIgniter\CodeIgniter->handleRequest(NULL, Object(Config\Cache), false)
#10 C:\laragon\www\New_Product\public\index.php(79): CodeIgniter\CodeIgniter->run()
#11 C:\laragon\www\New_Product\system\Commands\Server\rewrite.php(47): require_once('C:\\laragon\\www\\...')
#12 {main}
CRITICAL - 2023-09-21 12:33:34 --> Unknown column 'table_products.id' in 'where clause'
in SYSTEMPATH\Database\BaseConnection.php on line 646.
 1 SYSTEMPATH\Database\BaseBuilder.php(1615): CodeIgniter\Database\BaseConnection->query('SELECT *
FROM `table_products`
WHERE `table_products`.`id` = :table_products.id:', [...], false)
 2 SYSTEMPATH\Model.php(196): CodeIgniter\Database\BaseBuilder->get()
 3 SYSTEMPATH\BaseModel.php(563): CodeIgniter\Model->doFind(true, '2')
 4 APPPATH\Controllers\MainController.php(26): CodeIgniter\BaseModel->find('2')
 5 SYSTEMPATH\CodeIgniter.php(919): App\Controllers\MainController->prod('2')
 6 SYSTEMPATH\CodeIgniter.php(494): CodeIgniter\CodeIgniter->runController(Object(App\Controllers\MainController))
 7 SYSTEMPATH\CodeIgniter.php(353): CodeIgniter\CodeIgniter->handleRequest(null, Object(Config\Cache), false)
 8 FCPATH\index.php(79): CodeIgniter\CodeIgniter->run()
 9 SYSTEMPATH\Commands\Server\rewrite.php(47): require_once('C:\\laragon\\www\\New_Product\\public\\index.php')
ERROR - 2023-09-21 12:36:23 --> mysqli_sql_exception: Unknown column 'table_products.id' in 'where clause' in C:\laragon\www\New_Product\system\Database\MySQLi\Connection.php:306
Stack trace:
#0 C:\laragon\www\New_Product\system\Database\MySQLi\Connection.php(306): mysqli->query('SELECT *\nFROM `...', 0)
#1 C:\laragon\www\New_Product\system\Database\BaseConnection.php(692): CodeIgniter\Database\MySQLi\Connection->execute('SELECT *\nFROM `...')
#2 C:\laragon\www\New_Product\system\Database\BaseConnection.php(606): CodeIgniter\Database\BaseConnection->simpleQuery('SELECT *\nFROM `...')
#3 C:\laragon\www\New_Product\system\Database\BaseBuilder.php(1615): CodeIgniter\Database\BaseConnection->query('SELECT *\nFROM `...', Array, false)
#4 C:\laragon\www\New_Product\system\Model.php(196): CodeIgniter\Database\BaseBuilder->get()
#5 C:\laragon\www\New_Product\system\BaseModel.php(563): CodeIgniter\Model->doFind(true, '2')
#6 C:\laragon\www\New_Product\app\Controllers\MainController.php(26): CodeIgniter\BaseModel->find('2')
#7 C:\laragon\www\New_Product\system\CodeIgniter.php(919): App\Controllers\MainController->prod('2')
#8 C:\laragon\www\New_Product\system\CodeIgniter.php(494): CodeIgniter\CodeIgniter->runController(Object(App\Controllers\MainController))
#9 C:\laragon\www\New_Product\system\CodeIgniter.php(353): CodeIgniter\CodeIgniter->handleRequest(NULL, Object(Config\Cache), false)
#10 C:\laragon\www\New_Product\public\index.php(79): CodeIgniter\CodeIgniter->run()
#11 C:\laragon\www\New_Product\system\Commands\Server\rewrite.php(47): require_once('C:\\laragon\\www\\...')
#12 {main}
CRITICAL - 2023-09-21 12:36:23 --> Unknown column 'table_products.id' in 'where clause'
in SYSTEMPATH\Database\BaseConnection.php on line 646.
 1 SYSTEMPATH\Database\BaseBuilder.php(1615): CodeIgniter\Database\BaseConnection->query('SELECT *
FROM `table_products`
WHERE `table_products`.`id` = :table_products.id:', [...], false)
 2 SYSTEMPATH\Model.php(196): CodeIgniter\Database\BaseBuilder->get()
 3 SYSTEMPATH\BaseModel.php(563): CodeIgniter\Model->doFind(true, '2')
 4 APPPATH\Controllers\MainController.php(26): CodeIgniter\BaseModel->find('2')
 5 SYSTEMPATH\CodeIgniter.php(919): App\Controllers\MainController->prod('2')
 6 SYSTEMPATH\CodeIgniter.php(494): CodeIgniter\CodeIgniter->runController(Object(App\Controllers\MainController))
 7 SYSTEMPATH\CodeIgniter.php(353): CodeIgniter\CodeIgniter->handleRequest(null, Object(Config\Cache), false)
 8 FCPATH\index.php(79): CodeIgniter\CodeIgniter->run()
 9 SYSTEMPATH\Commands\Server\rewrite.php(47): require_once('C:\\laragon\\www\\New_Product\\public\\index.php')
ERROR - 2023-09-21 12:38:55 --> mysqli_sql_exception: Unknown column 'table_products.id' in 'where clause' in C:\laragon\www\New_Product\system\Database\MySQLi\Connection.php:306
Stack trace:
#0 C:\laragon\www\New_Product\system\Database\MySQLi\Connection.php(306): mysqli->query('SELECT *\nFROM `...', 0)
#1 C:\laragon\www\New_Product\system\Database\BaseConnection.php(692): CodeIgniter\Database\MySQLi\Connection->execute('SELECT *\nFROM `...')
#2 C:\laragon\www\New_Product\system\Database\BaseConnection.php(606): CodeIgniter\Database\BaseConnection->simpleQuery('SELECT *\nFROM `...')
#3 C:\laragon\www\New_Product\system\Database\BaseBuilder.php(1615): CodeIgniter\Database\BaseConnection->query('SELECT *\nFROM `...', Array, false)
#4 C:\laragon\www\New_Product\system\Model.php(196): CodeIgniter\Database\BaseBuilder->get()
#5 C:\laragon\www\New_Product\system\BaseModel.php(563): CodeIgniter\Model->doFind(true, '2')
#6 C:\laragon\www\New_Product\app\Controllers\MainController.php(26): CodeIgniter\BaseModel->find('2')
#7 C:\laragon\www\New_Product\system\CodeIgniter.php(919): App\Controllers\MainController->prod('2')
#8 C:\laragon\www\New_Product\system\CodeIgniter.php(494): CodeIgniter\CodeIgniter->runController(Object(App\Controllers\MainController))
#9 C:\laragon\www\New_Product\system\CodeIgniter.php(353): CodeIgniter\CodeIgniter->handleRequest(NULL, Object(Config\Cache), false)
#10 C:\laragon\www\New_Product\public\index.php(79): CodeIgniter\CodeIgniter->run()
#11 C:\laragon\www\New_Product\system\Commands\Server\rewrite.php(47): require_once('C:\\laragon\\www\\...')
#12 {main}
CRITICAL - 2023-09-21 12:38:55 --> Unknown column 'table_products.id' in 'where clause'
in SYSTEMPATH\Database\BaseConnection.php on line 646.
 1 SYSTEMPATH\Database\BaseBuilder.php(1615): CodeIgniter\Database\BaseConnection->query('SELECT *
FROM `table_products`
WHERE `table_products`.`id` = :table_products.id:', [...], false)
 2 SYSTEMPATH\Model.php(196): CodeIgniter\Database\BaseBuilder->get()
 3 SYSTEMPATH\BaseModel.php(563): CodeIgniter\Model->doFind(true, '2')
 4 APPPATH\Controllers\MainController.php(26): CodeIgniter\BaseModel->find('2')
 5 SYSTEMPATH\CodeIgniter.php(919): App\Controllers\MainController->prod('2')
 6 SYSTEMPATH\CodeIgniter.php(494): CodeIgniter\CodeIgniter->runController(Object(App\Controllers\MainController))
 7 SYSTEMPATH\CodeIgniter.php(353): CodeIgniter\CodeIgniter->handleRequest(null, Object(Config\Cache), false)
 8 FCPATH\index.php(79): CodeIgniter\CodeIgniter->run()
 9 SYSTEMPATH\Commands\Server\rewrite.php(47): require_once('C:\\laragon\\www\\New_Product\\public\\index.php')
CRITICAL - 2023-09-21 12:45:14 --> Undefined array key "id"
in APPPATH\Views\home.php on line 7.
 1 APPPATH\Views\home.php(7): CodeIgniter\Debug\Exceptions->errorHandler(2, 'Undefined array key "id"', 'C:\\laragon\\www\\New_Product\\app\\Views\\home.php', 7)
 2 SYSTEMPATH\View\View.php(226): include('C:\\laragon\\www\\New_Product\\app\\Views\\home.php')
 3 SYSTEMPATH\View\View.php(229): CodeIgniter\View\View->CodeIgniter\View\{closure}()
 4 SYSTEMPATH\Common.php(1188): CodeIgniter\View\View->render('home', [], true)
 5 APPPATH\Controllers\MainController.php(22): view('home', [...])
 6 SYSTEMPATH\CodeIgniter.php(919): App\Controllers\MainController->index()
 7 SYSTEMPATH\CodeIgniter.php(494): CodeIgniter\CodeIgniter->runController(Object(App\Controllers\MainController))
 8 SYSTEMPATH\CodeIgniter.php(353): CodeIgniter\CodeIgniter->handleRequest(null, Object(Config\Cache), false)
 9 FCPATH\index.php(79): CodeIgniter\CodeIgniter->run()
10 SYSTEMPATH\Commands\Server\rewrite.php(47): require_once('C:\\laragon\\www\\New_Product\\public\\index.php')
CRITICAL - 2023-09-21 12:45:54 --> Undefined array key "id"
in APPPATH\Views\home.php on line 7.
 1 APPPATH\Views\home.php(7): CodeIgniter\Debug\Exceptions->errorHandler(2, 'Undefined array key "id"', 'C:\\laragon\\www\\New_Product\\app\\Views\\home.php', 7)
 2 SYSTEMPATH\View\View.php(226): include('C:\\laragon\\www\\New_Product\\app\\Views\\home.php')
 3 SYSTEMPATH\View\View.php(229): CodeIgniter\View\View->CodeIgniter\View\{closure}()
 4 SYSTEMPATH\Common.php(1188): CodeIgniter\View\View->render('home', [], true)
 5 APPPATH\Controllers\MainController.php(22): view('home', [...])
 6 SYSTEMPATH\CodeIgniter.php(919): App\Controllers\MainController->index()
 7 SYSTEMPATH\CodeIgniter.php(494): CodeIgniter\CodeIgniter->runController(Object(App\Controllers\MainController))
 8 SYSTEMPATH\CodeIgniter.php(353): CodeIgniter\CodeIgniter->handleRequest(null, Object(Config\Cache), false)
 9 FCPATH\index.php(79): CodeIgniter\CodeIgniter->run()
10 SYSTEMPATH\Commands\Server\rewrite.php(47): require_once('C:\\laragon\\www\\New_Product\\public\\index.php')
CRITICAL - 2023-09-21 13:47:24 --> Call to undefined method App\Models\ProdModel::getProductsByCategory
in SYSTEMPATH\Model.php on line 873.
 1 APPPATH\Controllers\MainController.php(27): CodeIgniter\Model->__call('getProductsByCategory', [...])
 2 SYSTEMPATH\CodeIgniter.php(919): App\Controllers\MainController->prod('Beverages')
 3 SYSTEMPATH\CodeIgniter.php(494): CodeIgniter\CodeIgniter->runController(Object(App\Controllers\MainController))
 4 SYSTEMPATH\CodeIgniter.php(353): CodeIgniter\CodeIgniter->handleRequest(null, Object(Config\Cache), false)
 5 FCPATH\index.php(79): CodeIgniter\CodeIgniter->run()
 6 SYSTEMPATH\Commands\Server\rewrite.php(47): require_once('C:\\laragon\\www\\New_Product\\public\\index.php')
CRITICAL - 2023-09-21 13:47:39 --> Call to undefined method App\Models\ProdModel::getProductsByCategory
in SYSTEMPATH\Model.php on line 873.
 1 APPPATH\Controllers\MainController.php(27): CodeIgniter\Model->__call('getProductsByCategory', [...])
 2 SYSTEMPATH\CodeIgniter.php(919): App\Controllers\MainController->prod('Beverages')
 3 SYSTEMPATH\CodeIgniter.php(494): CodeIgniter\CodeIgniter->runController(Object(App\Controllers\MainController))
 4 SYSTEMPATH\CodeIgniter.php(353): CodeIgniter\CodeIgniter->handleRequest(null, Object(Config\Cache), false)
 5 FCPATH\index.php(79): CodeIgniter\CodeIgniter->run()
 6 SYSTEMPATH\Commands\Server\rewrite.php(47): require_once('C:\\laragon\\www\\New_Product\\public\\index.php')
CRITICAL - 2023-09-21 13:57:45 --> Undefined variable $category
in APPPATH\Views\products_list.php on line 6.
 1 APPPATH\Views\products_list.php(6): CodeIgniter\Debug\Exceptions->errorHandler(2, 'Undefined variable $category', 'C:\\laragon\\www\\New_Product\\app\\Views\\products_list.php', 6)
 2 SYSTEMPATH\View\View.php(226): include('C:\\laragon\\www\\New_Product\\app\\Views\\products_list.php')
 3 SYSTEMPATH\View\View.php(229): CodeIgniter\View\View->CodeIgniter\View\{closure}()
 4 SYSTEMPATH\Common.php(1188): CodeIgniter\View\View->render('products_list', [], true)
 5 APPPATH\Controllers\MainController.php(30): view('products_list', [...])
 6 SYSTEMPATH\CodeIgniter.php(919): App\Controllers\MainController->prod('Beverages')
 7 SYSTEMPATH\CodeIgniter.php(494): CodeIgniter\CodeIgniter->runController(Object(App\Controllers\MainController))
 8 SYSTEMPATH\CodeIgniter.php(353): CodeIgniter\CodeIgniter->handleRequest(null, Object(Config\Cache), false)
 9 FCPATH\index.php(79): CodeIgniter\CodeIgniter->run()
10 SYSTEMPATH\Commands\Server\rewrite.php(47): require_once('C:\\laragon\\www\\New_Product\\public\\index.php')
