CRITICAL - 2023-09-20 13:53:24 --> Invalid file: "bootstrap/top.php"
in SYSTEMPATH\Exceptions\FrameworkException.php on line 39.
 1 SYSTEMPATH\View\View.php(214): CodeIgniter\Exceptions\FrameworkException::forInvalidFile('bootstrap/top.php')
 2 SYSTEMPATH\View\View.php(467): CodeIgniter\View\View->render('bootstrap/top', null, true)
 3 APPPATH\Views\Home.php(1): CodeIgniter\View\View->include('bootstrap/top')
 4 SYSTEMPATH\View\View.php(226): include('C:\\laragon\\www\\New_Product\\app\\Views\\Home.php')
 5 SYSTEMPATH\View\View.php(229): CodeIgniter\View\View->CodeIgniter\View\{closure}()
 6 SYSTEMPATH\Common.php(1188): CodeIgniter\View\View->render('home', [], true)
 7 APPPATH\Controllers\MainController.php(20): view('home', [...])
 8 SYSTEMPATH\CodeIgniter.php(919): App\Controllers\MainController->index()
 9 SYSTEMPATH\CodeIgniter.php(494): CodeIgniter\CodeIgniter->runController(Object(App\Controllers\MainController))
10 SYSTEMPATH\CodeIgniter.php(353): CodeIgniter\CodeIgniter->handleRequest(null, Object(Config\Cache), false)
11 FCPATH\index.php(79): CodeIgniter\CodeIgniter->run()
12 SYSTEMPATH\Commands\Server\rewrite.php(47): require_once('C:\\laragon\\www\\New_Product\\public\\index.php')
CRITICAL - 2023-09-20 13:55:57 --> Invalid file: "bootstrap/top.php"
in SYSTEMPATH\Exceptions\FrameworkException.php on line 39.
 1 SYSTEMPATH\View\View.php(214): CodeIgniter\Exceptions\FrameworkException::forInvalidFile('bootstrap/top.php')
 2 SYSTEMPATH\View\View.php(467): CodeIgniter\View\View->render('bootstrap/top', null, true)
 3 APPPATH\Views\Home.php(1): CodeIgniter\View\View->include('bootstrap/top')
 4 SYSTEMPATH\View\View.php(226): include('C:\\laragon\\www\\New_Product\\app\\Views\\Home.php')
 5 SYSTEMPATH\View\View.php(229): CodeIgniter\View\View->CodeIgniter\View\{closure}()
 6 SYSTEMPATH\Common.php(1188): CodeIgniter\View\View->render('home', [], true)
 7 APPPATH\Controllers\MainController.php(20): view('home', [...])
 8 SYSTEMPATH\CodeIgniter.php(919): App\Controllers\MainController->index()
 9 SYSTEMPATH\CodeIgniter.php(494): CodeIgniter\CodeIgniter->runController(Object(App\Controllers\MainController))
10 SYSTEMPATH\CodeIgniter.php(353): CodeIgniter\CodeIgniter->handleRequest(null, Object(Config\Cache), false)
11 FCPATH\index.php(79): CodeIgniter\CodeIgniter->run()
12 SYSTEMPATH\Commands\Server\rewrite.php(47): require_once('C:\\laragon\\www\\New_Product\\public\\index.php')
CRITICAL - 2023-09-20 13:56:30 --> Undefined array key "ProductName"
in APPPATH\Views\Home.php on line 14.
 1 APPPATH\Views\Home.php(14): CodeIgniter\Debug\Exceptions->errorHandler(2, 'Undefined array key "ProductName"', 'C:\\laragon\\www\\New_Product\\app\\Views\\Home.php', 14)
 2 SYSTEMPATH\View\View.php(226): include('C:\\laragon\\www\\New_Product\\app\\Views\\Home.php')
 3 SYSTEMPATH\View\View.php(229): CodeIgniter\View\View->CodeIgniter\View\{closure}()
 4 SYSTEMPATH\Common.php(1188): CodeIgniter\View\View->render('home', [], true)
 5 APPPATH\Controllers\MainController.php(20): view('home', [...])
 6 SYSTEMPATH\CodeIgniter.php(919): App\Controllers\MainController->index()
 7 SYSTEMPATH\CodeIgniter.php(494): CodeIgniter\CodeIgniter->runController(Object(App\Controllers\MainController))
 8 SYSTEMPATH\CodeIgniter.php(353): CodeIgniter\CodeIgniter->handleRequest(null, Object(Config\Cache), false)
 9 FCPATH\index.php(79): CodeIgniter\CodeIgniter->run()
10 SYSTEMPATH\Commands\Server\rewrite.php(47): require_once('C:\\laragon\\www\\New_Product\\public\\index.php')
CRITICAL - 2023-09-20 14:08:33 --> Undefined array key "id"
in APPPATH\Views\Home.php on line 13.
 1 APPPATH\Views\Home.php(13): CodeIgniter\Debug\Exceptions->errorHandler(2, 'Undefined array key "id"', 'C:\\laragon\\www\\New_Product\\app\\Views\\Home.php', 13)
 2 SYSTEMPATH\View\View.php(226): include('C:\\laragon\\www\\New_Product\\app\\Views\\Home.php')
 3 SYSTEMPATH\View\View.php(229): CodeIgniter\View\View->CodeIgniter\View\{closure}()
 4 SYSTEMPATH\Common.php(1188): CodeIgniter\View\View->render('home', [], true)
 5 APPPATH\Controllers\MainController.php(21): view('home', [...])
 6 SYSTEMPATH\CodeIgniter.php(919): App\Controllers\MainController->index()
 7 SYSTEMPATH\CodeIgniter.php(494): CodeIgniter\CodeIgniter->runController(Object(App\Controllers\MainController))
 8 SYSTEMPATH\CodeIgniter.php(353): CodeIgniter\CodeIgniter->handleRequest(null, Object(Config\Cache), false)
 9 FCPATH\index.php(79): CodeIgniter\CodeIgniter->run()
10 SYSTEMPATH\Commands\Server\rewrite.php(47): require_once('C:\\laragon\\www\\New_Product\\public\\index.php')
